Sender: LSF System <lsfadmin@polus-c3-ib.bmc.hpc.cs.msu.ru>
Subject: Job 524370: <# this file was automaticly created by mpisubmit.pl script for edu-cmc-skpod19-320-11 #;source /polusfs/setenv/setup.SMPI;#BSUB -n 16;#BSUB -W 00:15;#BSUB -o integral.%J.out;#BSUB -e integral.%J.err;OMP_NUM_THREADS=1 mpiexec integral 3 0 1 600000000> in cluster <MSUCluster> Done

Job <# this file was automaticly created by mpisubmit.pl script for edu-cmc-skpod19-320-11 #;source /polusfs/setenv/setup.SMPI;#BSUB -n 16;#BSUB -W 00:15;#BSUB -o integral.%J.out;#BSUB -e integral.%J.err;OMP_NUM_THREADS=1 mpiexec integral 3 0 1 600000000> was submitted from host <polus-ib.bmc.hpc.cs.msu.ru> by user <edu-cmc-skpod19-320-11> in cluster <MSUCluster> at Sun Dec 15 22:49:13 2019
Job was executed on host(s) <15*polus-c3-ib.bmc.hpc.cs.msu.ru>, in queue <short>, as user <edu-cmc-skpod19-320-11> in cluster <MSUCluster> at Sun Dec 15 22:51:54 2019
                            <1*polus-c1-ib.bmc.hpc.cs.msu.ru>
</home_edu/edu-cmc-skpod19-320/edu-cmc-skpod19-320-11> was used as the home directory.
</home_edu/edu-cmc-skpod19-320/edu-cmc-skpod19-320-11/SKPOD/MPI> was used as the working directory.
Started at Sun Dec 15 22:51:54 2019
Terminated at Sun Dec 15 22:52:17 2019
Results reported at Sun Dec 15 22:52:17 2019

Your job looked like:

------------------------------------------------------------
# LSBATCH: User input
# this file was automaticly created by mpisubmit.pl script for edu-cmc-skpod19-320-11 #
source /polusfs/setenv/setup.SMPI
#BSUB -n 16
#BSUB -W 00:15
#BSUB -o integral.%J.out
#BSUB -e integral.%J.err
OMP_NUM_THREADS=1 mpiexec integral 3 0 1 600000000

------------------------------------------------------------

Successfully completed.

Resource usage summary:

    CPU time :                                   274.72 sec.
    Max Memory :                                 806 MB
    Average Memory :                             645.00 MB
    Total Requested Memory :                     -
    Delta Memory :                               -
    Max Swap :                                   -
    Max Processes :                              19
    Max Threads :                                54
    Run time :                                   25 sec.
    Turnaround time :                            184 sec.

The output (if any) follows:

#N of intervals: 600000000
#N of cores: 16
TIME: 18.207663


PS:

Read file <integral.524370.err> for stderr output of this job.

