Sender: LSF System <lsfadmin@polus-c3-ib.bmc.hpc.cs.msu.ru>
Subject: Job 526621: <# this file was automaticly created by mpisubmit.pl script for edu-cmc-skpod19-320-11 #;source /polusfs/setenv/setup.SMPI;#BSUB -n 32;#BSUB -W 00:15;#BSUB -o integral.%J.out;#BSUB -e integral.%J.err;OMP_NUM_THREADS=1 mpiexec integral 3 0 1 600000000> in cluster <MSUCluster> Done

Job <# this file was automaticly created by mpisubmit.pl script for edu-cmc-skpod19-320-11 #;source /polusfs/setenv/setup.SMPI;#BSUB -n 32;#BSUB -W 00:15;#BSUB -o integral.%J.out;#BSUB -e integral.%J.err;OMP_NUM_THREADS=1 mpiexec integral 3 0 1 600000000> was submitted from host <polus-ib.bmc.hpc.cs.msu.ru> by user <edu-cmc-skpod19-320-11> in cluster <MSUCluster> at Mon Dec 16 14:15:11 2019
Job was executed on host(s) <11*polus-c3-ib.bmc.hpc.cs.msu.ru>, in queue <short>, as user <edu-cmc-skpod19-320-11> in cluster <MSUCluster> at Mon Dec 16 14:27:41 2019
                            <8*polus-c4-ib.bmc.hpc.cs.msu.ru>
                            <12*polus-c2-ib.bmc.hpc.cs.msu.ru>
                            <1*polus-c1-ib.bmc.hpc.cs.msu.ru>
</home_edu/edu-cmc-skpod19-320/edu-cmc-skpod19-320-11> was used as the home directory.
</home_edu/edu-cmc-skpod19-320/edu-cmc-skpod19-320-11/SKPOD/MPI> was used as the working directory.
Started at Mon Dec 16 14:27:41 2019
Terminated at Mon Dec 16 14:27:56 2019
Results reported at Mon Dec 16 14:27:56 2019

Your job looked like:

------------------------------------------------------------
# LSBATCH: User input
# this file was automaticly created by mpisubmit.pl script for edu-cmc-skpod19-320-11 #
source /polusfs/setenv/setup.SMPI
#BSUB -n 32
#BSUB -W 00:15
#BSUB -o integral.%J.out
#BSUB -e integral.%J.err
OMP_NUM_THREADS=1 mpiexec integral 3 0 1 600000000

------------------------------------------------------------

Successfully completed.

Resource usage summary:

    CPU time :                                   420.00 sec.
    Max Memory :                                 603 MB
    Average Memory :                             483.20 MB
    Total Requested Memory :                     -
    Delta Memory :                               -
    Max Swap :                                   -
    Max Processes :                              15
    Max Threads :                                42
    Run time :                                   15 sec.
    Turnaround time :                            765 sec.

The output (if any) follows:

#N of intervals: 600000000
#N of cores: 32
TIME: 13.509206


PS:

Read file <integral.526621.err> for stderr output of this job.

