Sender: LSF System <lsfadmin@polus-c3-ib.bmc.hpc.cs.msu.ru>
Subject: Job 524340: <# this file was automaticly created by mpisubmit.pl script for edu-cmc-skpod19-320-11 #;source /polusfs/setenv/setup.SMPI;#BSUB -n 2;#BSUB -W 00:15;#BSUB -o integral.%J.out;#BSUB -e integral.%J.err;OMP_NUM_THREADS=1 mpiexec integral 3 0 1 200000000> in cluster <MSUCluster> Done

Job <# this file was automaticly created by mpisubmit.pl script for edu-cmc-skpod19-320-11 #;source /polusfs/setenv/setup.SMPI;#BSUB -n 2;#BSUB -W 00:15;#BSUB -o integral.%J.out;#BSUB -e integral.%J.err;OMP_NUM_THREADS=1 mpiexec integral 3 0 1 200000000> was submitted from host <polus-ib.bmc.hpc.cs.msu.ru> by user <edu-cmc-skpod19-320-11> in cluster <MSUCluster> at Sun Dec 15 22:48:18 2019
Job was executed on host(s) <2*polus-c3-ib.bmc.hpc.cs.msu.ru>, in queue <short>, as user <edu-cmc-skpod19-320-11> in cluster <MSUCluster> at Sun Dec 15 22:48:25 2019
</home_edu/edu-cmc-skpod19-320/edu-cmc-skpod19-320-11> was used as the home directory.
</home_edu/edu-cmc-skpod19-320/edu-cmc-skpod19-320-11/SKPOD/MPI> was used as the working directory.
Started at Sun Dec 15 22:48:25 2019
Terminated at Sun Dec 15 22:49:07 2019
Results reported at Sun Dec 15 22:49:07 2019

Your job looked like:

------------------------------------------------------------
# LSBATCH: User input
# this file was automaticly created by mpisubmit.pl script for edu-cmc-skpod19-320-11 #
source /polusfs/setenv/setup.SMPI
#BSUB -n 2
#BSUB -W 00:15
#BSUB -o integral.%J.out
#BSUB -e integral.%J.err
OMP_NUM_THREADS=1 mpiexec integral 3 0 1 200000000

------------------------------------------------------------

Successfully completed.

Resource usage summary:

    CPU time :                                   79.23 sec.
    Max Memory :                                 122 MB
    Average Memory :                             106.88 MB
    Total Requested Memory :                     -
    Delta Memory :                               -
    Max Swap :                                   -
    Max Processes :                              6
    Max Threads :                                15
    Run time :                                   41 sec.
    Turnaround time :                            49 sec.

The output (if any) follows:

#N of intervals: 200000000
#N of cores: 2
TIME: 39.443227


PS:

Read file <integral.524340.err> for stderr output of this job.

