Sender: LSF System <lsfadmin@polus-c3-ib.bmc.hpc.cs.msu.ru>
Subject: Job 526594: <# this file was automaticly created by mpisubmit.pl script for edu-cmc-skpod19-320-11 #;source /polusfs/setenv/setup.SMPI;#BSUB -n 4;#BSUB -W 00:15;#BSUB -o integral.%J.out;#BSUB -e integral.%J.err;OMP_NUM_THREADS=1 mpiexec integral 3 0 1 200000000> in cluster <MSUCluster> Done

Job <# this file was automaticly created by mpisubmit.pl script for edu-cmc-skpod19-320-11 #;source /polusfs/setenv/setup.SMPI;#BSUB -n 4;#BSUB -W 00:15;#BSUB -o integral.%J.out;#BSUB -e integral.%J.err;OMP_NUM_THREADS=1 mpiexec integral 3 0 1 200000000> was submitted from host <polus-ib.bmc.hpc.cs.msu.ru> by user <edu-cmc-skpod19-320-11> in cluster <MSUCluster> at Mon Dec 16 14:15:07 2019
Job was executed on host(s) <4*polus-c3-ib.bmc.hpc.cs.msu.ru>, in queue <short>, as user <edu-cmc-skpod19-320-11> in cluster <MSUCluster> at Mon Dec 16 14:15:19 2019
</home_edu/edu-cmc-skpod19-320/edu-cmc-skpod19-320-11> was used as the home directory.
</home_edu/edu-cmc-skpod19-320/edu-cmc-skpod19-320-11/SKPOD/MPI> was used as the working directory.
Started at Mon Dec 16 14:15:19 2019
Terminated at Mon Dec 16 14:15:40 2019
Results reported at Mon Dec 16 14:15:40 2019

Your job looked like:

------------------------------------------------------------
# LSBATCH: User input
# this file was automaticly created by mpisubmit.pl script for edu-cmc-skpod19-320-11 #
source /polusfs/setenv/setup.SMPI
#BSUB -n 4
#BSUB -W 00:15
#BSUB -o integral.%J.out
#BSUB -e integral.%J.err
OMP_NUM_THREADS=1 mpiexec integral 3 0 1 200000000

------------------------------------------------------------

Successfully completed.

Resource usage summary:

    CPU time :                                   78.85 sec.
    Max Memory :                                 226 MB
    Average Memory :                             181.60 MB
    Total Requested Memory :                     -
    Delta Memory :                               -
    Max Swap :                                   -
    Max Processes :                              8
    Max Threads :                                21
    Run time :                                   22 sec.
    Turnaround time :                            33 sec.

The output (if any) follows:

#N of intervals: 200000000
#N of cores: 4
TIME: 19.590301


PS:

Read file <integral.526594.err> for stderr output of this job.

Sender: LSF System <lsfadmin@polus-c3-ib.bmc.hpc.cs.msu.ru>
Subject: Job 526594: <# this file was automaticly created by mpisubmit.pl script for edu-cmc-skpod19-320-11 #;source /polusfs/setenv/setup.SMPI;#BSUB -n 4;#BSUB -W 00:15;#BSUB -o integral.%J.out;#BSUB -e integral.%J.err;OMP_NUM_THREADS=1 mpiexec integral 3 0 1 200000000> in cluster <MSUCluster> Done

Job <# this file was automaticly created by mpisubmit.pl script for edu-cmc-skpod19-320-11 #;source /polusfs/setenv/setup.SMPI;#BSUB -n 4;#BSUB -W 00:15;#BSUB -o integral.%J.out;#BSUB -e integral.%J.err;OMP_NUM_THREADS=1 mpiexec integral 3 0 1 200000000> was submitted from host <polus-ib.bmc.hpc.cs.msu.ru> by user <edu-cmc-skpod19-320-11> in cluster <MSUCluster> at Mon Dec 16 14:15:07 2019
Job was executed on host(s) <4*polus-c3-ib.bmc.hpc.cs.msu.ru>, in queue <short>, as user <edu-cmc-skpod19-320-11> in cluster <MSUCluster> at Mon Dec 16 14:15:18 2019
</home_edu/edu-cmc-skpod19-320/edu-cmc-skpod19-320-11> was used as the home directory.
</home_edu/edu-cmc-skpod19-320/edu-cmc-skpod19-320-11/SKPOD/MPI> was used as the working directory.
Started at Mon Dec 16 14:15:18 2019
Terminated at Mon Dec 16 14:18:04 2019
Results reported at Mon Dec 16 14:18:04 2019
Cannot open your job file: /home_edu/edu-cmc-skpod19-320/edu-cmc-skpod19-320-11/.lsbatch/1576494907.526594
Successfully completed.

Resource usage summary:

    CPU time :                                   78.85 sec.
    Max Memory :                                 226 MB
    Average Memory :                             181.60 MB
    Total Requested Memory :                     -
    Delta Memory :                               -
    Max Swap :                                   -
    Max Processes :                              -
    Max Threads :                                -
    Run time :                                   0 sec.
    Turnaround time :                            177 sec.


PS:

Unable to read output data from the stdout buffer file </home_edu/edu-cmc-skpod19-320/edu-cmc-skpod19-320-11/.lsbatch/1576494907.526594.out>: your job was probably aborted prematurely.
Unable to read stderr data from stderr buffer file; your job was probably aborted prematurely.

