Sender: LSF System <lsfadmin@polus-c2-ib.bmc.hpc.cs.msu.ru>
Subject: Job 526639: <# this file was automaticly created by mpisubmit.pl script for edu-cmc-skpod19-320-11 #;source /polusfs/setenv/setup.SMPI;#BSUB -n 32;#BSUB -W 00:15;#BSUB -o integral.%J.out;#BSUB -e integral.%J.err;OMP_NUM_THREADS=1 mpiexec integral 3 0 1 900000000> in cluster <MSUCluster> Done

Job <# this file was automaticly created by mpisubmit.pl script for edu-cmc-skpod19-320-11 #;source /polusfs/setenv/setup.SMPI;#BSUB -n 32;#BSUB -W 00:15;#BSUB -o integral.%J.out;#BSUB -e integral.%J.err;OMP_NUM_THREADS=1 mpiexec integral 3 0 1 900000000> was submitted from host <polus-ib.bmc.hpc.cs.msu.ru> by user <edu-cmc-skpod19-320-11> in cluster <MSUCluster> at Mon Dec 16 14:15:11 2019
Job was executed on host(s) <13*polus-c2-ib.bmc.hpc.cs.msu.ru>, in queue <short>, as user <edu-cmc-skpod19-320-11> in cluster <MSUCluster> at Mon Dec 16 14:28:40 2019
                            <12*polus-c3-ib.bmc.hpc.cs.msu.ru>
                            <7*polus-c4-ib.bmc.hpc.cs.msu.ru>
</home_edu/edu-cmc-skpod19-320/edu-cmc-skpod19-320-11> was used as the home directory.
</home_edu/edu-cmc-skpod19-320/edu-cmc-skpod19-320-11/SKPOD/MPI> was used as the working directory.
Started at Mon Dec 16 14:28:40 2019
Terminated at Mon Dec 16 14:29:07 2019
Results reported at Mon Dec 16 14:29:07 2019

Your job looked like:

------------------------------------------------------------
# LSBATCH: User input
# this file was automaticly created by mpisubmit.pl script for edu-cmc-skpod19-320-11 #
source /polusfs/setenv/setup.SMPI
#BSUB -n 32
#BSUB -W 00:15
#BSUB -o integral.%J.out
#BSUB -e integral.%J.err
OMP_NUM_THREADS=1 mpiexec integral 3 0 1 900000000

------------------------------------------------------------

Successfully completed.

Resource usage summary:

    CPU time :                                   719.73 sec.
    Max Memory :                                 709 MB
    Average Memory :                             591.00 MB
    Total Requested Memory :                     -
    Delta Memory :                               -
    Max Swap :                                   -
    Max Processes :                              17
    Max Threads :                                48
    Run time :                                   31 sec.
    Turnaround time :                            836 sec.

The output (if any) follows:

#N of intervals: 900000000
#N of cores: 32
TIME: 24.679107


PS:

Read file <integral.526639.err> for stderr output of this job.

